<?xml version="1.0" encoding="UTF-8"?>
<!-- Generated by org.testng.reporters.JUnitReportReporter -->
<testsuite hostname="LD-DiptiRanjan" failures="0" tests="3" name="APITesting_RestAssured.Testscript1" time="3.954" errors="0" timestamp="2024-02-21T11:43:27 IST" skipped="0">
  <testcase classname="APITesting_RestAssured.Testscript1" name="PostRequestAPI_IDcapture" time="2.349"/>
  <testcase classname="APITesting_RestAssured.Testscript1" name="PutRequestAPI" time="0.913"/>
  <testcase classname="APITesting_RestAssured.Testscript1" name="DeleteRequestAPI" time="0.692"/>
</testsuite> <!-- APITesting_RestAssured.Testscript1 -->
