<?xml version="1.0" encoding="UTF-8"?>
<!-- Generated by org.testng.reporters.JUnitReportReporter -->
<testsuite hostname="LD-DiptiRanjan" failures="0" tests="1" name="APITesting_RestAssured.Testscript2" time="2.103" errors="0" timestamp="2024-02-21T16:26:59 IST" skipped="0">
  <testcase classname="APITesting_RestAssured.Testscript2" name="scenario4" time="2.103"/>
</testsuite> <!-- APITesting_RestAssured.Testscript2 -->
