<?xml version="1.0" encoding="UTF-8"?>
<!-- Generated by org.testng.reporters.JUnitReportReporter -->
<testsuite hostname="LD-DiptiRanjan" failures="0" tests="1" name="APITesting_RestAssured.Testscript3" time="3.086" errors="0" timestamp="2024-02-21T18:01:38 IST" skipped="0">
  <testcase classname="APITesting_RestAssured.Testscript3" name="cookies" time="3.086"/>
</testsuite> <!-- APITesting_RestAssured.Testscript3 -->
